#
# A fatal error has been detected by the Java Runtime Environment:
#
#  Internal Error (constantTag.cpp:59), pid=78646, tid=0x0000000000005003
#  Error: ShouldNotReachHere()
#
# JRE version: Java(TM) SE Runtime Environment (8.0_181-b13) (build 1.8.0_181-b13)
# Java VM: Java HotSpot(TM) 64-Bit Server VM (25.181-b13 mixed mode bsd-amd64 compressed oops)
# Failed to write core dump. Core dumps have been disabled. To enable core dumping, try "ulimit -c unlimited" before starting Java again
#
# If you would like to submit a bug report, please visit:
#   http://bugreport.java.com/bugreport/crash.jsp
#

---------------  T H R E A D  ---------------

Current thread (0x00007fa02b804800):  VMThread [stack: 0x000070000eef9000,0x000070000eff9000] [id=20483]

Stack: [0x000070000eef9000,0x000070000eff9000],  sp=0x000070000eff81c0,  free space=1020k
Native frames: (J=compiled Java code, j=interpreted, Vv=VM code, C=native code)
V  [libjvm.dylib+0x5b581a]
V  [libjvm.dylib+0x1e9185]
V  [libjvm.dylib+0x1e76ff]
V  [libjvm.dylib+0xdcfbb]
V  [libjvm.dylib+0x288f14]
V  [libjvm.dylib+0x28a7ec]
V  [libjvm.dylib+0x28aa3b]
V  [libjvm.dylib+0x28afd2]
V  [libjvm.dylib+0x28b3eb]
V  [libjvm.dylib+0x485331]
V  [libjvm.dylib+0x48553a]
V  [libjvm.dylib+0x48571b]
V  [libjvm.dylib+0x4859d2]
V  [libjvm.dylib+0x2c2b04]
V  [libjvm.dylib+0x45306d]
V  [libjvm.dylib+0x39afbf]
V  [libjvm.dylib+0x5bd499]
V  [libjvm.dylib+0x5bba31]
V  [libjvm.dylib+0x5bbe7e]
V  [libjvm.dylib+0x5bb79d]
V  [libjvm.dylib+0x48e342]
C  [libsystem_pthread.dylib+0x3339]  _pthread_body+0x7e
C  [libsystem_pthread.dylib+0x62a7]  _pthread_start+0x46
C  [libsystem_pthread.dylib+0x2445]  thread_start+0xd

VM_Operation (0x000070000f404978): GetOrSetLocal, mode: safepoint, requested by thread 0x00007fa02a807800


---------------  P R O C E S S  ---------------

Java Threads: ( => current thread )
  0x00007fa02d157000 JavaThread "Service Thread" daemon [_thread_blocked, id=22275, stack(0x000070000fa1a000,0x000070000fb1a000)]
  0x00007fa02a841800 JavaThread "C1 CompilerThread3" daemon [_thread_blocked, id=21763, stack(0x000070000f917000,0x000070000fa17000)]
  0x00007fa02c802800 JavaThread "C2 CompilerThread2" daemon [_thread_blocked, id=15363, stack(0x000070000f814000,0x000070000f914000)]
  0x00007fa02a83f000 JavaThread "C2 CompilerThread1" daemon [_thread_blocked, id=16131, stack(0x000070000f711000,0x000070000f811000)]
  0x00007fa02a812800 JavaThread "C2 CompilerThread0" daemon [_thread_blocked, id=14851, stack(0x000070000f60e000,0x000070000f70e000)]
  0x00007fa02a810800 JavaThread "JDWP Command Reader" daemon [_thread_in_native, id=16643, stack(0x000070000f50b000,0x000070000f60b000)]
  0x00007fa02c800800 JavaThread "JDWP Event Helper Thread" daemon [_thread_blocked, id=14595, stack(0x000070000f408000,0x000070000f508000)]
  0x00007fa02a807800 JavaThread "JDWP Transport Listener: dt_socket" daemon [_thread_blocked, id=14343, stack(0x000070000f305000,0x000070000f405000)]
  0x00007fa02d802000 JavaThread "Signal Dispatcher" daemon [_thread_blocked, id=17667, stack(0x000070000f202000,0x000070000f302000)]
  0x00007fa02b811800 JavaThread "Finalizer" daemon [_thread_blocked, id=13059, stack(0x000070000f0ff000,0x000070000f1ff000)]
  0x00007fa02b80b000 JavaThread "Reference Handler" daemon [_thread_blocked, id=19971, stack(0x000070000effc000,0x000070000f0fc000)]
  0x00007fa02d003800 JavaThread "main" [_thread_blocked, id=9987, stack(0x000070000e5de000,0x000070000e6de000)]

Other Threads:
=>0x00007fa02b804800 VMThread [stack: 0x000070000eef9000,0x000070000eff9000] [id=20483]
  0x00007fa02e809000 WatcherThread [stack: 0x000070000fb1d000,0x000070000fc1d000] [id=22531]

VM state:at safepoint (normal execution)

VM Mutex/Monitor currently owned by a thread:  ([mutex/lock_event])
[0x00007fa02a402530] Threads_lock - owner thread: 0x00007fa02b804800

Heap:
 PSYoungGen      total 76288K, used 7927K [0x000000076ab00000, 0x0000000770000000, 0x00000007c0000000)
  eden space 65536K, 12% used [0x000000076ab00000,0x000000076b2bde90,0x000000076eb00000)
  from space 10752K, 0% used [0x000000076f580000,0x000000076f580000,0x0000000770000000)
  to   space 10752K, 0% used [0x000000076eb00000,0x000000076eb00000,0x000000076f580000)
 ParOldGen       total 175104K, used 0K [0x00000006c0000000, 0x00000006cab00000, 0x000000076ab00000)
  object space 175104K, 0% used [0x00000006c0000000,0x00000006c0000000,0x00000006cab00000)
 Metaspace       used 4885K, capacity 5010K, committed 5248K, reserved 1056768K
  class space    used 513K, capacity 561K, committed 640K, reserved 1048576K

Card table byte_map: [0x000000010689e000,0x000000010709f000] byte_map_base: 0x000000010329e000

Marking Bits: (ParMarkBitMap*) 0x0000000105cf9cd0
 Begin Bits: [0x00000001075f5000, 0x000000010b5f5000)
 End Bits:   [0x000000010b5f5000, 0x000000010f5f5000)

Polling page: 0x00000001043fc000

CodeCache: size=245760Kb used=1341Kb max_used=1350Kb free=244418Kb
 bounds [0x0000000112961000, 0x0000000112bd1000, 0x0000000121961000]
 total_blobs=401 nmethods=120 adapters=203
 compilation: enabled

Compilation events (10 events):
Event: 54.780 Thread 0x00007fa02a841800  113       3       org.eclipse.jdt.launching.internal.org.objectweb.asm.ClassReader::readInt (52 bytes)
Event: 54.780 Thread 0x00007fa02a841800 nmethod 113 0x0000000112aae890 code [0x0000000112aaea00, 0x0000000112aaec10]
Event: 105.353 Thread 0x00007fa02a841800  117       3       org.eclipse.jdt.launching.internal.org.objectweb.asm.ClassReader::createDebugLabel (23 bytes)
Event: 105.353 Thread 0x00007fa02a83f000  118       4       org.eclipse.jdt.launching.internal.org.objectweb.asm.ClassReader::readUnsignedShort (26 bytes)
Event: 105.353 Thread 0x00007fa02a841800 nmethod 117 0x0000000112aaed50 code [0x0000000112aaeee0, 0x0000000112aaf3d0]
Event: 105.353 Thread 0x00007fa02a841800  119       3       org.eclipse.jdt.launching.internal.org.objectweb.asm.ClassReader::readClass (7 bytes)
Event: 105.354 Thread 0x00007fa02a841800 nmethod 119 0x0000000112aaf710 code [0x0000000112aaf8c0, 0x0000000112aafe08]
Event: 105.354 Thread 0x00007fa02a841800  120       3       org.eclipse.jdt.launching.internal.org.objectweb.asm.ClassReader::readStringish (16 bytes)
Event: 105.355 Thread 0x00007fa02a83f000 nmethod 118 0x0000000112ab2f90 code [0x0000000112ab30e0, 0x0000000112ab31f8]
Event: 105.355 Thread 0x00007fa02a841800 nmethod 120 0x0000000112ab25d0 code [0x0000000112ab2760, 0x0000000112ab2c28]

GC Heap History (0 events):
No events

Deoptimization events (0 events):
No events

Classes redefined (2 events):
Event: 54.779 Thread 0x00007fa02b804800 redefined class name=com.ds.linklist.DoublyLinkList, count=1
Event: 105.355 Thread 0x00007fa02b804800 redefined class name=com.ds.linklist.DoublyLinkList, count=2

Internal exceptions (2 events):
Event: 0.040 Thread 0x00007fa02d003800 Exception <a 'java/lang/NoSuchMethodError': Method sun.misc.Unsafe.defineClass(Ljava/lang/String;[BII)Ljava/lang/Class; name or signature does not match> (0x000000076ab07cb0) thrown at [/Users/java_re/workspace/8-2-build-macosx-x86_64/jdk8u181/11358/hotsp
Event: 0.040 Thread 0x00007fa02d003800 Exception <a 'java/lang/NoSuchMethodError': Method sun.misc.Unsafe.prefetchRead(Ljava/lang/Object;J)V name or signature does not match> (0x000000076ab07f98) thrown at [/Users/java_re/workspace/8-2-build-macosx-x86_64/jdk8u181/11358/hotspot/src/share/vm/pr

Events (10 events):
Event: 54.850 Executing VM operation: GetOrSetLocal done
Event: 105.354 Executing VM operation: RedefineClasses
Event: 105.355 Executing VM operation: RedefineClasses done
Event: 105.361 Executing VM operation: ChangeBreakpoints
Event: 105.361 Executing VM operation: ChangeBreakpoints done
Event: 105.446 Executing VM operation: GetOwnedMonitorInfo
Event: 105.446 Executing VM operation: GetOwnedMonitorInfo done
Event: 105.446 Executing VM operation: GetCurrentContendedMonitor
Event: 105.446 Executing VM operation: GetCurrentContendedMonitor done
Event: 105.449 Executing VM operation: GetOrSetLocal


Dynamic libraries:
0x00007fff521d2000 	/System/Library/Frameworks/Cocoa.framework/Versions/A/Cocoa
0x00007fff5e47c000 	/System/Library/Frameworks/Security.framework/Versions/A/Security
0x00007fff50ddc000 	/System/Library/Frameworks/ApplicationServices.framework/Versions/A/ApplicationServices
0x00007fff7fa0b000 	/usr/lib/libz.1.dylib
0x00007fff7d082000 	/usr/lib/libSystem.B.dylib
0x00007fff7eb28000 	/usr/lib/libobjc.A.dylib
0x00007fff529f5000 	/System/Library/Frameworks/CoreFoundation.framework/Versions/A/CoreFoundation
0x00007fff54d7a000 	/System/Library/Frameworks/Foundation.framework/Versions/C/Foundation
0x00007fff4ff6a000 	/System/Library/Frameworks/AppKit.framework/Versions/C/AppKit
0x00007fff52569000 	/System/Library/Frameworks/CoreData.framework/Versions/A/CoreData
0x00007fff76268000 	/System/Library/PrivateFrameworks/RemoteViewServices.framework/Versions/A/RemoteViewServices
0x00007fff7ad57000 	/System/Library/PrivateFrameworks/UIFoundation.framework/Versions/A/UIFoundation
0x00007fff7c509000 	/System/Library/PrivateFrameworks/XCTTargetBootstrap.framework/Versions/A/XCTTargetBootstrap
0x00007fff70d7e000 	/System/Library/PrivateFrameworks/IconServices.framework/Versions/A/IconServices
0x00007fff57635000 	/System/Library/Frameworks/Metal.framework/Versions/A/Metal
0x00007fff67f88000 	/System/Library/PrivateFrameworks/DesktopServicesPriv.framework/Versions/A/DesktopServicesPriv
0x00007fff7de3c000 	/usr/lib/libenergytrace.dylib
0x00007fff78acc000 	/System/Library/PrivateFrameworks/SkyLight.framework/Versions/A/SkyLight
0x00007fff52e44000 	/System/Library/Frameworks/CoreGraphics.framework/Versions/A/CoreGraphics
0x00007fff4ed25000 	/System/Library/Frameworks/Accelerate.framework/Versions/A/Accelerate
0x00007fff55503000 	/System/Library/Frameworks/IOSurface.framework/Versions/A/IOSurface
0x00007fff67dea000 	/System/Library/PrivateFrameworks/DFRFoundation.framework/Versions/A/DFRFoundation
0x00007fff512e1000 	/System/Library/Frameworks/AudioToolbox.framework/Versions/A/AudioToolbox
0x00007fff5157f000 	/System/Library/Frameworks/AudioUnit.framework/Versions/A/AudioUnit
0x00007fff67e81000 	/System/Library/PrivateFrameworks/DataDetectorsCore.framework/Versions/A/DataDetectorsCore
0x00007fff51cbe000 	/System/Library/Frameworks/Carbon.framework/Versions/A/Frameworks/HIToolbox.framework/Versions/A/HIToolbox
0x00007fff7df97000 	/usr/lib/libicucore.A.dylib
0x00007fff5d9d6000 	/System/Library/Frameworks/QuartzCore.framework/Versions/A/QuartzCore
0x00007fff520a5000 	/System/Library/Frameworks/Carbon.framework/Versions/A/Frameworks/SpeechRecognition.framework/Versions/A/SpeechRecognition
0x00007fff7d1e5000 	/usr/lib/libauto.dylib
0x00007fff7f8fe000 	/usr/lib/libxml2.2.dylib
0x00007fff679e9000 	/System/Library/PrivateFrameworks/CoreUI.framework/Versions/A/CoreUI
0x00007fff52447000 	/System/Library/Frameworks/CoreAudio.framework/Versions/A/CoreAudio
0x00007fff54bac000 	/System/Library/Frameworks/DiskArbitration.framework/Versions/A/DiskArbitration
0x00007fff7e247000 	/usr/lib/liblangid.dylib
0x00007fff7222a000 	/System/Library/PrivateFrameworks/MultitouchSupport.framework/Versions/A/MultitouchSupport
0x00007fff5546f000 	/System/Library/Frameworks/IOKit.framework/Versions/A/IOKit
0x00007fff7ccd0000 	/usr/lib/libDiagnosticMessagesClient.dylib
0x00007fff53cb2000 	/System/Library/Frameworks/CoreServices.framework/Versions/A/CoreServices
0x00007fff73f59000 	/System/Library/PrivateFrameworks/PerformanceAnalysis.framework/Versions/A/PerformanceAnalysis
0x00007fff5cb6b000 	/System/Library/Frameworks/OpenGL.framework/Versions/A/OpenGL
0x00007fff521e0000 	/System/Library/Frameworks/ColorSync.framework/Versions/A/ColorSync
0x00007fff534d3000 	/System/Library/Frameworks/CoreImage.framework/Versions/A/CoreImage
0x00007fff546f5000 	/System/Library/Frameworks/CoreText.framework/Versions/A/CoreText
0x00007fff55564000 	/System/Library/Frameworks/ImageIO.framework/Versions/A/ImageIO
0x00007fff64042000 	/System/Library/PrivateFrameworks/Backup.framework/Versions/A/Backup
0x00007fff7d138000 	/usr/lib/libarchive.2.dylib
0x00007fff518e3000 	/System/Library/Frameworks/CFNetwork.framework/Versions/A/CFNetwork
0x00007fff5ec25000 	/System/Library/Frameworks/SystemConfiguration.framework/Versions/A/SystemConfiguration
0x00007fff7cbf9000 	/usr/lib/libCRFSuite.dylib
0x00007fff7d2dc000 	/usr/lib/libc++.1.dylib
0x00007fff7d334000 	/usr/lib/libc++abi.dylib
0x00007fff7fa8e000 	/usr/lib/system/libcache.dylib
0x00007fff7fa93000 	/usr/lib/system/libcommonCrypto.dylib
0x00007fff7fa9e000 	/usr/lib/system/libcompiler_rt.dylib
0x00007fff7faa6000 	/usr/lib/system/libcopyfile.dylib
0x00007fff7fab0000 	/usr/lib/system/libcorecrypto.dylib
0x00007fff7fbbb000 	/usr/lib/system/libdispatch.dylib
0x00007fff7fbf6000 	/usr/lib/system/libdyld.dylib
0x00007fff7fc26000 	/usr/lib/system/libkeymgr.dylib
0x00007fff7fc34000 	/usr/lib/system/liblaunch.dylib
0x00007fff7fc35000 	/usr/lib/system/libmacho.dylib
0x00007fff7fc3b000 	/usr/lib/system/libquarantine.dylib
0x00007fff7fc3e000 	/usr/lib/system/libremovefile.dylib
0x00007fff7fc40000 	/usr/lib/system/libsystem_asl.dylib
0x00007fff7fc58000 	/usr/lib/system/libsystem_blocks.dylib
0x00007fff7fc59000 	/usr/lib/system/libsystem_c.dylib
0x00007fff7fce2000 	/usr/lib/system/libsystem_configuration.dylib
0x00007fff7fce6000 	/usr/lib/system/libsystem_coreservices.dylib
0x00007fff7fcea000 	/usr/lib/system/libsystem_darwin.dylib
0x00007fff7fcf1000 	/usr/lib/system/libsystem_dnssd.dylib
0x00007fff7fcf8000 	/usr/lib/system/libsystem_info.dylib
0x00007fff7fd6d000 	/usr/lib/system/libsystem_m.dylib
0x00007fff7fdb9000 	/usr/lib/system/libsystem_malloc.dylib
0x00007fff7fdde000 	/usr/lib/system/libsystem_networkextension.dylib
0x00007fff7fdea000 	/usr/lib/system/libsystem_notify.dylib
0x00007fff7fe07000 	/usr/lib/system/libsystem_sandbox.dylib
0x00007fff7fe0b000 	/usr/lib/system/libsystem_secinit.dylib
0x00007fff7fd45000 	/usr/lib/system/libsystem_kernel.dylib
0x00007fff7fdf2000 	/usr/lib/system/libsystem_platform.dylib
0x00007fff7fdfc000 	/usr/lib/system/libsystem_pthread.dylib
0x00007fff7fe0e000 	/usr/lib/system/libsystem_symptoms.dylib
0x00007fff7fe16000 	/usr/lib/system/libsystem_trace.dylib
0x00007fff7fe2d000 	/usr/lib/system/libunwind.dylib
0x00007fff7fe33000 	/usr/lib/system/libxpc.dylib
0x00007fff7d2bc000 	/usr/lib/libbsm.0.dylib
0x00007fff7fc27000 	/usr/lib/system/libkxld.dylib
0x00007fff632f0000 	/System/Library/PrivateFrameworks/AppleFSCompression.framework/Versions/A/AppleFSCompression
0x00007fff7cf41000 	/usr/lib/libOpenScriptingUtil.dylib
0x00007fff7d61f000 	/usr/lib/libcoretls.dylib
0x00007fff7d636000 	/usr/lib/libcoretls_cfhelpers.dylib
0x00007fff7f2c1000 	/usr/lib/libpam.2.dylib
0x00007fff7f484000 	/usr/lib/libsqlite3.dylib
0x00007fff7f8ec000 	/usr/lib/libxar.1.dylib
0x00007fff7d2cd000 	/usr/lib/libbz2.1.0.dylib
0x00007fff7e249000 	/usr/lib/liblzma.5.dylib
0x00007fff7e73f000 	/usr/lib/libnetwork.dylib
0x00007fff7d121000 	/usr/lib/libapple_nghttp2.dylib
0x00007fff7f2c8000 	/usr/lib/libpcap.A.dylib
0x00007fff54056000 	/System/Library/Frameworks/CoreServices.framework/Versions/A/Frameworks/FSEvents.framework/Versions/A/FSEvents
0x00007fff53d32000 	/System/Library/Frameworks/CoreServices.framework/Versions/A/Frameworks/CarbonCore.framework/Versions/A/CarbonCore
0x00007fff5422b000 	/System/Library/Frameworks/CoreServices.framework/Versions/A/Frameworks/Metadata.framework/Versions/A/Metadata
0x00007fff542ce000 	/System/Library/Frameworks/CoreServices.framework/Versions/A/Frameworks/OSServices.framework/Versions/A/OSServices
0x00007fff5431a000 	/System/Library/Frameworks/CoreServices.framework/Versions/A/Frameworks/SearchKit.framework/Versions/A/SearchKit
0x00007fff53cb3000 	/System/Library/Frameworks/CoreServices.framework/Versions/A/Frameworks/AE.framework/Versions/A/AE
0x00007fff5405f000 	/System/Library/Frameworks/CoreServices.framework/Versions/A/Frameworks/LaunchServices.framework/Versions/A/LaunchServices
0x00007fff5400b000 	/System/Library/Frameworks/CoreServices.framework/Versions/A/Frameworks/DictionaryServices.framework/Versions/A/DictionaryServices
0x00007fff54389000 	/System/Library/Frameworks/CoreServices.framework/Versions/A/Frameworks/SharedFileList.framework/Versions/A/SharedFileList
0x00007fff58afc000 	/System/Library/Frameworks/NetFS.framework/Versions/A/NetFS
0x00007fff724c7000 	/System/Library/PrivateFrameworks/NetAuth.framework/Versions/A/NetAuth
0x00007fff7c93d000 	/System/Library/PrivateFrameworks/login.framework/Versions/A/Frameworks/loginsupport.framework/Versions/A/loginsupport
0x00007fff7a950000 	/System/Library/PrivateFrameworks/TCC.framework/Versions/A/TCC
0x00007fff6700c000 	/System/Library/PrivateFrameworks/CoreNLP.framework/Versions/A/CoreNLP
0x00007fff71f1c000 	/System/Library/PrivateFrameworks/MetadataUtilities.framework/Versions/A/MetadataUtilities
0x00007fff7e32a000 	/usr/lib/libmecabra.dylib
0x00007fff50ddd000 	/System/Library/Frameworks/ApplicationServices.framework/Versions/A/Frameworks/ATS.framework/Versions/A/ATS
0x00007fff51148000 	/System/Library/Frameworks/ApplicationServices.framework/Versions/A/Frameworks/ColorSyncLegacy.framework/Versions/A/ColorSyncLegacy
0x00007fff511e9000 	/System/Library/Frameworks/ApplicationServices.framework/Versions/A/Frameworks/HIServices.framework/Versions/A/HIServices
0x00007fff5123c000 	/System/Library/Frameworks/ApplicationServices.framework/Versions/A/Frameworks/LangAnalysis.framework/Versions/A/LangAnalysis
0x00007fff5124b000 	/System/Library/Frameworks/ApplicationServices.framework/Versions/A/Frameworks/PrintCore.framework/Versions/A/PrintCore
0x00007fff51298000 	/System/Library/Frameworks/ApplicationServices.framework/Versions/A/Frameworks/QD.framework/Versions/A/QD
0x00007fff512d4000 	/System/Library/Frameworks/ApplicationServices.framework/Versions/A/Frameworks/SpeechSynthesis.framework/Versions/A/SpeechSynthesis
0x00007fff7d35c000 	/usr/lib/libcompression.dylib
0x00007fff5290b000 	/System/Library/Frameworks/CoreDisplay.framework/Versions/A/CoreDisplay
0x00007fff578fd000 	/System/Library/Frameworks/MetalPerformanceShaders.framework/Versions/A/MetalPerformanceShaders
0x00007fff4ed3d000 	/System/Library/Frameworks/Accelerate.framework/Versions/A/Frameworks/vImage.framework/Versions/A/vImage
0x00007fff4fdb9000 	/System/Library/Frameworks/Accelerate.framework/Versions/A/Frameworks/vecLib.framework/Versions/A/vecLib
0x00007fff4fd03000 	/System/Library/Frameworks/Accelerate.framework/Versions/A/Frameworks/vecLib.framework/Versions/A/libvMisc.dylib
0x00007fff4fb1e000 	/System/Library/Frameworks/Accelerate.framework/Versions/A/Frameworks/vecLib.framework/Versions/A/libvDSP.dylib
0x00007fff4f3de000 	/System/Library/Frameworks/Accelerate.framework/Versions/A/Frameworks/vecLib.framework/Versions/A/libBLAS.dylib
0x00007fff4f6c9000 	/System/Library/Frameworks/Accelerate.framework/Versions/A/Frameworks/vecLib.framework/Versions/A/libLAPACK.dylib
0x00007fff4fa70000 	/System/Library/Frameworks/Accelerate.framework/Versions/A/Frameworks/vecLib.framework/Versions/A/libLinearAlgebra.dylib
0x00007fff4fb0a000 	/System/Library/Frameworks/Accelerate.framework/Versions/A/Frameworks/vecLib.framework/Versions/A/libSparseBLAS.dylib
0x00007fff4fa86000 	/System/Library/Frameworks/Accelerate.framework/Versions/A/Frameworks/vecLib.framework/Versions/A/libQuadrature.dylib
0x00007fff4f656000 	/System/Library/Frameworks/Accelerate.framework/Versions/A/Frameworks/vecLib.framework/Versions/A/libBNNS.dylib
0x00007fff4fa8c000 	/System/Library/Frameworks/Accelerate.framework/Versions/A/Frameworks/vecLib.framework/Versions/A/libSparse.dylib
0x00007fff6e519000 	/System/Library/PrivateFrameworks/GPUWrangler.framework/Versions/A/GPUWrangler
0x00007fff70945000 	/System/Library/PrivateFrameworks/IOAccelerator.framework/Versions/A/IOAccelerator
0x00007fff70950000 	/System/Library/PrivateFrameworks/IOPresentment.framework/Versions/A/IOPresentment
0x00007fff67dfa000 	/System/Library/PrivateFrameworks/DSExternalDisplay.framework/Versions/A/DSExternalDisplay
0x00007fff5bfb0000 	/System/Library/Frameworks/OpenGL.framework/Versions/A/Libraries/libCoreFSCache.dylib
0x00007fff576e5000 	/System/Library/Frameworks/MetalPerformanceShaders.framework/Frameworks/MPSCore.framework/Versions/A/MPSCore
0x00007fff57706000 	/System/Library/Frameworks/MetalPerformanceShaders.framework/Frameworks/MPSImage.framework/Versions/A/MPSImage
0x00007fff577ae000 	/System/Library/Frameworks/MetalPerformanceShaders.framework/Frameworks/MPSNeuralNetwork.framework/Versions/A/MPSNeuralNetwork
0x00007fff57785000 	/System/Library/Frameworks/MetalPerformanceShaders.framework/Frameworks/MPSMatrix.framework/Versions/A/MPSMatrix
0x00007fff578e1000 	/System/Library/Frameworks/MetalPerformanceShaders.framework/Frameworks/MPSRayIntersector.framework/Versions/A/MPSRayIntersector
0x00007fff71f45000 	/System/Library/PrivateFrameworks/MetalTools.framework/Versions/A/MetalTools
0x00007fff629eb000 	/System/Library/PrivateFrameworks/AggregateDictionary.framework/Versions/A/AggregateDictionary
0x00007fff7cf21000 	/usr/lib/libMobileGestalt.dylib
0x00007fff5485b000 	/System/Library/Frameworks/CoreVideo.framework/Versions/A/CoreVideo
0x00007fff6f384000 	/System/Library/PrivateFrameworks/GraphVisualizer.framework/Versions/A/GraphVisualizer
0x00007fff69129000 	/System/Library/PrivateFrameworks/FaceCore.framework/Versions/A/FaceCore
0x00007fff5b5c8000 	/System/Library/Frameworks/OpenCL.framework/Versions/A/OpenCL
0x00007fff7cd08000 	/usr/lib/libFosl_dynamic.dylib
0x00007fff72d9d000 	/System/Library/PrivateFrameworks/OTSVG.framework/Versions/A/OTSVG
0x00007fff50ee1000 	/System/Library/Frameworks/ApplicationServices.framework/Versions/A/Frameworks/ATS.framework/Versions/A/Resources/libFontParser.dylib
0x00007fff51001000 	/System/Library/Frameworks/ApplicationServices.framework/Versions/A/Frameworks/ATS.framework/Versions/A/Resources/libFontRegistry.dylib
0x00007fff557ee000 	/System/Library/Frameworks/ImageIO.framework/Versions/A/Resources/libJPEG.dylib
0x00007fff55b10000 	/System/Library/Frameworks/ImageIO.framework/Versions/A/Resources/libTIFF.dylib
0x00007fff55ae6000 	/System/Library/Frameworks/ImageIO.framework/Versions/A/Resources/libPng.dylib
0x00007fff55703000 	/System/Library/Frameworks/ImageIO.framework/Versions/A/Resources/libGIF.dylib
0x00007fff55708000 	/System/Library/Frameworks/ImageIO.framework/Versions/A/Resources/libJP2.dylib
0x00007fff55b0d000 	/System/Library/Frameworks/ImageIO.framework/Versions/A/Resources/libRadiance.dylib
0x00007fff63449000 	/System/Library/PrivateFrameworks/AppleJPEG.framework/Versions/A/AppleJPEG
0x00007fff5bfbb000 	/System/Library/Frameworks/OpenGL.framework/Versions/A/Libraries/libGFXShared.dylib
0x00007fff5c17e000 	/System/Library/Frameworks/OpenGL.framework/Versions/A/Libraries/libGLU.dylib
0x00007fff5bfc4000 	/System/Library/Frameworks/OpenGL.framework/Versions/A/Libraries/libGL.dylib
0x00007fff5bfd0000 	/System/Library/Frameworks/OpenGL.framework/Versions/A/Libraries/libGLImage.dylib
0x00007fff5bfad000 	/System/Library/Frameworks/OpenGL.framework/Versions/A/Libraries/libCVMSPluginSupport.dylib
0x00007fff5bfb6000 	/System/Library/Frameworks/OpenGL.framework/Versions/A/Libraries/libCoreVMClient.dylib
0x00007fff7dcae000 	/usr/lib/libcups.2.dylib
0x00007fff56bfb000 	/System/Library/Frameworks/Kerberos.framework/Versions/A/Kerberos
0x00007fff551b9000 	/System/Library/Frameworks/GSS.framework/Versions/A/GSS
0x00007fff7f418000 	/usr/lib/libresolv.9.dylib
0x00007fff7dea5000 	/usr/lib/libiconv.2.dylib
0x00007fff6f4e4000 	/System/Library/PrivateFrameworks/Heimdal.framework/Versions/A/Heimdal
0x00007fff7de74000 	/usr/lib/libheimdal-asn1.dylib
0x00007fff5b63e000 	/System/Library/Frameworks/OpenDirectory.framework/Versions/A/OpenDirectory
0x00007fff65d07000 	/System/Library/PrivateFrameworks/CommonAuth.framework/Versions/A/CommonAuth
0x00007fff5b621000 	/System/Library/Frameworks/OpenDirectory.framework/Versions/A/Frameworks/CFOpenDirectory.framework/Versions/A/CFOpenDirectory
0x00007fff5e7a3000 	/System/Library/Frameworks/SecurityFoundation.framework/Versions/A/SecurityFoundation
0x00007fff61efc000 	/System/Library/PrivateFrameworks/APFS.framework/Versions/A/APFS
0x00007fff7f8e8000 	/usr/lib/libutil.dylib
0x00007fff7d34a000 	/usr/lib/libcharset.1.dylib
0x00007fff636e4000 	/System/Library/PrivateFrameworks/AppleSauce.framework/Versions/A/AppleSauce
0x00007fff63872000 	/System/Library/PrivateFrameworks/AssertionServices.framework/Versions/A/AssertionServices
0x00007fff640e5000 	/System/Library/PrivateFrameworks/BaseBoard.framework/Versions/A/BaseBoard
0x00007fff7e279000 	/usr/lib/libmecab.1.0.0.dylib
0x00007fff7de6e000 	/usr/lib/libgermantok.dylib
0x00007fff7d10d000 	/usr/lib/libThaiTokenizer.dylib
0x00007fff7cc34000 	/usr/lib/libChineseTokenizer.dylib
0x00007fff7107a000 	/System/Library/PrivateFrameworks/LanguageModeling.framework/Versions/A/LanguageModeling
0x00007fff66a22000 	/System/Library/PrivateFrameworks/CoreEmoji.framework/Versions/A/CoreEmoji
0x00007fff71172000 	/System/Library/PrivateFrameworks/Lexicon.framework/Versions/A/Lexicon
0x00007fff711ba000 	/System/Library/PrivateFrameworks/LinguisticData.framework/Versions/A/LinguisticData
0x00007fff7d34b000 	/usr/lib/libcmph.dylib
0x00007fff5e864000 	/System/Library/Frameworks/ServiceManagement.framework/Versions/A/ServiceManagement
0x00007fff64038000 	/System/Library/PrivateFrameworks/BackgroundTaskManagement.framework/Versions/A/BackgroundTaskManagement
0x00007fff7f9e2000 	/usr/lib/libxslt.1.dylib
0x00007fff51fd0000 	/System/Library/Frameworks/Carbon.framework/Versions/A/Frameworks/Ink.framework/Versions/A/Ink
0x00007fff7abcf000 	/System/Library/PrivateFrameworks/TextureIO.framework/Versions/A/TextureIO
0x00007fff7d162000 	/usr/lib/libate.dylib
0x00007fff67d56000 	/System/Library/PrivateFrameworks/CrashReporterSupport.framework/Versions/A/CrashReporterSupport
0x00007fff77bfb000 	/System/Library/PrivateFrameworks/Sharing.framework/Versions/A/Sharing
0x00007fff63bc4000 	/System/Library/PrivateFrameworks/AuthKit.framework/Versions/A/AuthKit
0x00007fff62fe8000 	/System/Library/PrivateFrameworks/Apple80211.framework/Versions/A/Apple80211
0x00007fff67b16000 	/System/Library/PrivateFrameworks/CoreUtils.framework/Versions/A/CoreUtils
0x00007fff54899000 	/System/Library/Frameworks/CoreWLAN.framework/Versions/A/CoreWLAN
0x00007fff55303000 	/System/Library/Frameworks/IOBluetooth.framework/Versions/A/IOBluetooth
0x00007fff75f28000 	/System/Library/PrivateFrameworks/ProtocolBuffer.framework/Versions/A/ProtocolBuffer
0x00007fff72181000 	/System/Library/PrivateFrameworks/MobileKeyBag.framework/Versions/A/MobileKeyBag
0x00007fff67339000 	/System/Library/PrivateFrameworks/CorePhoneNumbers.framework/Versions/A/CorePhoneNumbers
0x00007fff633fd000 	/System/Library/PrivateFrameworks/AppleIDAuthSupport.framework/Versions/A/AppleIDAuthSupport
0x00007fff7104c000 	/System/Library/PrivateFrameworks/KeychainCircle.framework/Versions/A/KeychainCircle
0x00007fff760f5000 	/System/Library/PrivateFrameworks/ROCKit.framework/Versions/A/ROCKit
0x00007fff67cf2000 	/System/Library/PrivateFrameworks/CoreWiFi.framework/Versions/A/CoreWiFi
0x00007fff5253d000 	/System/Library/Frameworks/CoreBluetooth.framework/Versions/A/CoreBluetooth
0x00007fff67f46000 	/System/Library/PrivateFrameworks/DebugSymbols.framework/Versions/A/DebugSymbols
0x00007fff678cb000 	/System/Library/PrivateFrameworks/CoreSymbolication.framework/Versions/A/CoreSymbolication
0x00007fff7a3ba000 	/System/Library/PrivateFrameworks/Symbolication.framework/Versions/A/Symbolication
0x00007fff7954d000 	/System/Library/PrivateFrameworks/SpeechRecognitionCore.framework/Versions/A/SpeechRecognitionCore
0x0000000105400000 	/Library/Java/JavaVirtualMachines/jdk1.8.0_181.jdk/Contents/Home/jre/lib/server/libjvm.dylib
0x00007fff7f7ac000 	/usr/lib/libstdc++.6.dylib
0x00000001043ee000 	/Library/Java/JavaVirtualMachines/jdk1.8.0_181.jdk/Contents/Home/jre/lib/libverify.dylib
0x00000001063b4000 	/Library/Java/JavaVirtualMachines/jdk1.8.0_181.jdk/Contents/Home/jre/lib/libjava.dylib
0x00000001063ea000 	/Library/Java/JavaVirtualMachines/jdk1.8.0_181.jdk/Contents/Home/jre/lib/libjdwp.dylib
0x0000000106435000 	/Library/Java/JavaVirtualMachines/jdk1.8.0_181.jdk/Contents/Home/jre/lib/libnpt.dylib
0x0000000106439000 	/Library/Java/JavaVirtualMachines/jdk1.8.0_181.jdk/Contents/Home/jre/lib/libinstrument.dylib
0x00000001064d5000 	/Library/Java/JavaVirtualMachines/jdk1.8.0_181.jdk/Contents/Home/jre/lib/libzip.dylib
0x000000011257b000 	/Library/Java/JavaVirtualMachines/jdk1.8.0_181.jdk/Contents/Home/jre/lib/libdt_socket.dylib

VM Arguments:
jvm_args: -agentlib:jdwp=transport=dt_socket,suspend=y,address=localhost:63139 -javaagent:/Applications/STS.app/Contents/Eclipse/configuration/org.eclipse.osgi/317/0/.cp/lib/javaagent-shaded.jar -Dfile.encoding=UTF-8 
java_command: com.ds.linklist.DoublyLinkList
java_class_path (initial): /Users/rpolu/Ramu Personal/learning/mygit/DataStructures/LnikedListApp/bin:/Applications/STS.app/Contents/Eclipse/plugins/org.junit_4.12.0.v201504281640/junit.jar:/Applications/STS.app/Contents/Eclipse/plugins/org.hamcrest.core_1.3.0.v20180420-1519.jar:/Applications/STS.app/Contents/Eclipse/configuration/org.eclipse.osgi/317/0/.cp/lib/javaagent-shaded.jar
Launcher Type: SUN_STANDARD

Environment Variables:
PATH=/usr/bin:/bin:/usr/sbin:/sbin
SHELL=/bin/bash

Signal Handlers:
SIGSEGV: [libjvm.dylib+0x5b6029], sa_mask[0]=11111111011111110111111111111111, sa_flags=SA_ONSTACK|SA_RESTART|SA_SIGINFO
SIGBUS: [libjvm.dylib+0x5b6029], sa_mask[0]=11111111011111110111111111111111, sa_flags=SA_RESTART|SA_SIGINFO
SIGFPE: [libjvm.dylib+0x48b934], sa_mask[0]=11111111011111110111111111111111, sa_flags=SA_RESTART|SA_SIGINFO
SIGPIPE: [libjvm.dylib+0x48b934], sa_mask[0]=11111111011111110111111111111111, sa_flags=SA_RESTART|SA_SIGINFO
SIGXFSZ: [libjvm.dylib+0x48b934], sa_mask[0]=11111111011111110111111111111111, sa_flags=SA_RESTART|SA_SIGINFO
SIGILL: [libjvm.dylib+0x48b934], sa_mask[0]=11111111011111110111111111111111, sa_flags=SA_RESTART|SA_SIGINFO
SIGUSR1: SIG_DFL, sa_mask[0]=00000000000000000000000000000000, sa_flags=none
SIGUSR2: [libjvm.dylib+0x48b452], sa_mask[0]=00100000000000000000000000000000, sa_flags=SA_RESTART|SA_SIGINFO
SIGHUP: [libjvm.dylib+0x489a1d], sa_mask[0]=11111111011111110111111111111111, sa_flags=SA_RESTART|SA_SIGINFO
SIGINT: [libjvm.dylib+0x489a1d], sa_mask[0]=11111111011111110111111111111111, sa_flags=SA_RESTART|SA_SIGINFO
SIGTERM: [libjvm.dylib+0x489a1d], sa_mask[0]=11111111011111110111111111111111, sa_flags=SA_RESTART|SA_SIGINFO
SIGQUIT: [libjvm.dylib+0x489a1d], sa_mask[0]=11111111011111110111111111111111, sa_flags=SA_RESTART|SA_SIGINFO


---------------  S Y S T E M  ---------------

OS:Bsduname:Darwin 18.2.0 Darwin Kernel Version 18.2.0: Fri Oct  5 19:41:49 PDT 2018; root:xnu-4903.221.2~2/RELEASE_X86_64 x86_64
rlimit: STACK 8192k, CORE 0k, NPROC 1418, NOFILE 10240, AS infinity
load average:2.06 2.02 2.07

CPU:total 8 (initial active 8) (4 cores per cpu, 2 threads per core) family 6 model 158 stepping 9, cmov, cx8, fxsr, mmx, sse, sse2, sse3, ssse3, sse4.1, sse4.2, popcnt, avx, avx2, aes, clmul, erms, 3dnowpref, lzcnt, ht, tsc, tscinvbit, bmi1, bmi2, adx

Memory: 4k page, physical 16777216k(137072k free)

/proc/meminfo:


vm_info: Java HotSpot(TM) 64-Bit Server VM (25.181-b13) for bsd-amd64 JRE (1.8.0_181-b13), built on Jul  7 2018 01:02:31 by "java_re" with gcc 4.2.1 (Based on Apple Inc. build 5658) (LLVM build 2336.11.00)

time: Thu Nov 29 07:55:28 2018
elapsed time: 105 seconds (0d 0h 1m 45s)

